
                            < M A T L A B (R) >
                  Copyright 1984-2013 The MathWorks, Inc.
                    R2013a (8.1.0.604) 64-bit (glnxa64)
                             February 15, 2013

 
To get started, type one of these: helpwin, helpdesk, or demo.
For product information, visit www.mathworks.com.
 
>> >> >> >> >> >> >> >> >> >> >> >> >> >> >> >> >> >> >> >> >> The size of the matrix is 398 by 398
The sparsity of the matrix is 9.816293e-01
Compared with svds:
Accuracy of svt: 9.480879e-01
Accuracy of svds: 9.480879e-01
Accuracy of svt: 9.480879e-01
Accuracy of svds: 9.480879e-01
Accuracy of svt: 9.480879e-01
Accuracy of svds: 9.480879e-01
Accuracy of svt: 9.480879e-01
Accuracy of svds: 9.480879e-01
Accuracy of svt: 9.480879e-01
Accuracy of svds: 9.480879e-01
Accuracy of svt: 9.480879e-01
Accuracy of svds: 9.480879e-01
Accuracy of svt: 9.480879e-01
Accuracy of svds: 9.480879e-01
Accuracy of svt: 9.480879e-01
Accuracy of svds: 9.480879e-01
Accuracy of svt: 9.480879e-01
Accuracy of svds: 9.480879e-01
Accuracy of svt: 9.480879e-01
Accuracy of svds: 9.480879e-01
Accuracy of svt: 9.480879e-01
Accuracy of svds: 9.480879e-01
The mean of run time of svt is 3.963050e-02
The mean of run time of objective function is 3.929110e-02
The se of run time of svt is 2.714994e-04
The se of run time of objective function is 3.656664e-04

>> >> >> >> The size of the matrix is 800 by 800
The sparsity of the matrix is 9.927500e-01
Compared with svds:
Accuracy of svt: 9.820823e-01
Accuracy of svds: 9.820823e-01
Accuracy of svt: 9.820823e-01
Accuracy of svds: 9.820823e-01
Accuracy of svt: 9.820823e-01
Accuracy of svds: 9.820823e-01
Accuracy of svt: 9.820823e-01
Accuracy of svds: 9.820823e-01
Accuracy of svt: 9.820823e-01
Accuracy of svds: 9.820823e-01
Accuracy of svt: 9.820823e-01
Accuracy of svds: 9.820823e-01
Accuracy of svt: 9.820823e-01
Accuracy of svds: 9.820823e-01
Accuracy of svt: 9.820823e-01
Accuracy of svds: 9.820823e-01
Accuracy of svt: 9.820823e-01
Accuracy of svds: 9.820823e-01
Accuracy of svt: 9.820823e-01
Accuracy of svds: 9.820823e-01
Accuracy of svt: 9.820823e-01
Accuracy of svds: 9.820823e-01
The mean of run time of svt is 9.442810e-02
The mean of run time of objective function is 9.414400e-02
The se of run time of svt is 7.524175e-04
The se of run time of objective function is 8.777962e-04

>> >> >> >> The size of the matrix is 1090 by 1090
The sparsity of the matrix is 9.970154e-01
Compared with svds:
Accuracy of svt: 9.348017e-01
Accuracy of svds: 9.348017e-01
Accuracy of svt: 9.348017e-01
Accuracy of svds: 9.348017e-01
Accuracy of svt: 9.348017e-01
Accuracy of svds: 9.348017e-01
Accuracy of svt: 9.348017e-01
Accuracy of svds: 9.348017e-01
Accuracy of svt: 9.348017e-01
Accuracy of svds: 9.348017e-01
Accuracy of svt: 9.348017e-01
Accuracy of svds: 9.348017e-01
Accuracy of svt: 9.348017e-01
Accuracy of svds: 9.348017e-01
Accuracy of svt: 9.348017e-01
Accuracy of svds: 9.348017e-01
Accuracy of svt: 9.348017e-01
Accuracy of svds: 9.348017e-01
Accuracy of svt: 9.348017e-01
Accuracy of svds: 9.348017e-01
Accuracy of svt: 9.348017e-01
Accuracy of svds: 9.348017e-01
The mean of run time of svt is 5.491610e-02
The mean of run time of objective function is 5.407280e-02
The se of run time of svt is 6.714635e-04
The se of run time of objective function is 4.520696e-04

>> >> >> >> The size of the matrix is 4800 by 4800
The sparsity of the matrix is 9.988056e-01
Compared with svds:
Accuracy of svt: 6.012466e-01
Accuracy of svds: 5.920912e-01
Accuracy of svt: 5.920912e-01
Accuracy of svds: 6.012466e-01
Accuracy of svt: 5.920912e-01
Accuracy of svds: 5.920912e-01
Accuracy of svt: 6.012466e-01
Accuracy of svds: 6.012466e-01
Accuracy of svt: 5.920912e-01
Accuracy of svds: 6.012466e-01
Accuracy of svt: 6.012466e-01
Accuracy of svds: 6.012466e-01
Accuracy of svt: 6.012466e-01
Accuracy of svds: 6.012466e-01
Accuracy of svt: 6.012466e-01
Accuracy of svds: 6.012466e-01
Accuracy of svt: 6.012466e-01
Accuracy of svds: 6.012466e-01
Accuracy of svt: 6.012466e-01
Accuracy of svds: 6.012466e-01
Accuracy of svt: 6.012466e-01
Accuracy of svds: 6.012466e-01
The mean of run time of svt is 5.787970e-02
The mean of run time of objective function is 5.357250e-02
The se of run time of svt is 2.939451e-03
The se of run time of objective function is 2.628741e-03

>> >> >> >> The size of the matrix is 10000 by 10000
The sparsity of the matrix is 9.995030e-01
Compared with svds:
Accuracy of svt: 9.620190e-01
Accuracy of svds: 9.620190e-01
Accuracy of svt: 9.620190e-01
Accuracy of svds: 9.620190e-01
Accuracy of svt: 9.620190e-01
Accuracy of svds: 9.620190e-01
Accuracy of svt: 9.620190e-01
Accuracy of svds: 9.620190e-01
Accuracy of svt: 9.620190e-01
Accuracy of svds: 9.620190e-01
Accuracy of svt: 9.620190e-01
Accuracy of svds: 9.620190e-01
Accuracy of svt: 9.620190e-01
Accuracy of svds: 9.620190e-01
Accuracy of svt: 9.620190e-01
Accuracy of svds: 9.620190e-01
Accuracy of svt: 9.620190e-01
Accuracy of svds: 9.620190e-01
Accuracy of svt: 9.620190e-01
Accuracy of svds: 9.620190e-01
Accuracy of svt: 9.620190e-01
Accuracy of svds: 9.620190e-01
The mean of run time of svt is 1.552956e-01
The mean of run time of objective function is 1.576673e-01
The se of run time of svt is 1.949848e-03
The se of run time of objective function is 1.653749e-03

>> >> >> >> >> >> >> >> >> >> >> >> >> >> >> >> >> >> >> >> 