
                            < M A T L A B (R) >
                  Copyright 1984-2013 The MathWorks, Inc.
                    R2013a (8.1.0.604) 64-bit (glnxa64)
                             February 15, 2013

 
To get started, type one of these: helpwin, helpdesk, or demo.
For product information, visit www.mathworks.com.
 
>> >> >> >> >> >> >> >> >> >> >> >> >> >> >> >> >> >> >> >> >> The size of the matrix is 398 by 398
The sparsity of the matrix is 9.816293e-01
Compared with svds for structured matrex:
Accuracy of svt exploiting structure: 5.681123e-01
Accuracy of svds: 5.681123e-01
Accuracy of svt exploiting structure: 5.681123e-01
Accuracy of svds: 5.681123e-01
Accuracy of svt exploiting structure: 5.681123e-01
Accuracy of svds: 5.681123e-01
Accuracy of svt exploiting structure: 5.681123e-01
Accuracy of svds: 5.681123e-01
Accuracy of svt exploiting structure: 5.681123e-01
Accuracy of svds: 5.681123e-01
Accuracy of svt exploiting structure: 5.681123e-01
Accuracy of svds: 5.681123e-01
Accuracy of svt exploiting structure: 5.681123e-01
Accuracy of svds: 5.681123e-01
Accuracy of svt exploiting structure: 5.681123e-01
Accuracy of svds: 5.681123e-01
Accuracy of svt exploiting structure: 5.681123e-01
Accuracy of svds: 5.681123e-01
Accuracy of svt exploiting structure: 5.681123e-01
Accuracy of svds: 5.681123e-01
Accuracy of svt exploiting structure: 5.681123e-01
Accuracy of svds: 5.681123e-01
The mean of run time of svt is 1.758390e-02
The mean of run time of objective function is 4.081550e-02
The se of run time of svt is 1.125451e-03
The se of run time of objective function is 8.893073e-04

>> >> >> >> The size of the matrix is 800 by 800
The sparsity of the matrix is 9.927500e-01
Compared with svds for structured matrex:
Accuracy of svt exploiting structure: 5.979716e-01
Accuracy of svds: 5.979716e-01
Accuracy of svt exploiting structure: 5.979716e-01
Accuracy of svds: 5.979716e-01
Accuracy of svt exploiting structure: 5.979716e-01
Accuracy of svds: 5.979716e-01
Accuracy of svt exploiting structure: 5.979716e-01
Accuracy of svds: 5.979716e-01
Accuracy of svt exploiting structure: 5.979716e-01
Accuracy of svds: 5.979716e-01
Accuracy of svt exploiting structure: 5.979716e-01
Accuracy of svds: 5.979716e-01
Accuracy of svt exploiting structure: 5.979716e-01
Accuracy of svds: 5.979716e-01
Accuracy of svt exploiting structure: 5.979716e-01
Accuracy of svds: 5.979716e-01
Accuracy of svt exploiting structure: 5.979716e-01
Accuracy of svds: 5.979716e-01
Accuracy of svt exploiting structure: 5.979716e-01
Accuracy of svds: 5.979716e-01
Accuracy of svt exploiting structure: 5.979716e-01
Accuracy of svds: 5.979716e-01
The mean of run time of svt is 2.397090e-02
The mean of run time of objective function is 2.114649e-01
The se of run time of svt is 5.469436e-04
The se of run time of objective function is 1.377630e-03

>> >> >> >> The size of the matrix is 1090 by 1090
The sparsity of the matrix is 9.970154e-01
Compared with svds for structured matrex:
Accuracy of svt exploiting structure: 9.348017e-01
Accuracy of svds: 9.348017e-01
Accuracy of svt exploiting structure: 9.348017e-01
Accuracy of svds: 9.348017e-01
Accuracy of svt exploiting structure: 9.348017e-01
Accuracy of svds: 9.348017e-01
Accuracy of svt exploiting structure: 9.348017e-01
Accuracy of svds: 9.348017e-01
Accuracy of svt exploiting structure: 9.348017e-01
Accuracy of svds: 9.348017e-01
Accuracy of svt exploiting structure: 9.348017e-01
Accuracy of svds: 9.348017e-01
Accuracy of svt exploiting structure: 9.348017e-01
Accuracy of svds: 9.348017e-01
Accuracy of svt exploiting structure: 9.348017e-01
Accuracy of svds: 9.348017e-01
Accuracy of svt exploiting structure: 9.348017e-01
Accuracy of svds: 9.348017e-01
Accuracy of svt exploiting structure: 9.348017e-01
Accuracy of svds: 9.348017e-01
Accuracy of svt exploiting structure: 9.348017e-01
Accuracy of svds: 9.348017e-01
The mean of run time of svt is 7.797080e-02
The mean of run time of objective function is 9.396191e-01
The se of run time of svt is 9.169842e-04
The se of run time of objective function is 7.886640e-03

>> >> >> >> The size of the matrix is 4800 by 4800
The sparsity of the matrix is 9.988056e-01
Compared with svds for structured matrex:
Accuracy of svt exploiting structure: 6.097854e-01
Accuracy of svds: 6.097854e-01
Accuracy of svt exploiting structure: 6.097854e-01
Accuracy of svds: 6.097854e-01
Accuracy of svt exploiting structure: 6.097854e-01
Accuracy of svds: 6.097854e-01
Accuracy of svt exploiting structure: 6.097854e-01
Accuracy of svds: 6.097854e-01
Accuracy of svt exploiting structure: 6.097854e-01
Accuracy of svds: 6.097854e-01
Accuracy of svt exploiting structure: 6.097854e-01
Accuracy of svds: 6.097854e-01
Accuracy of svt exploiting structure: 6.097854e-01
Accuracy of svds: 6.097854e-01
Accuracy of svt exploiting structure: 6.097854e-01
Accuracy of svds: 6.097854e-01
Accuracy of svt exploiting structure: 6.097854e-01
Accuracy of svds: 6.097854e-01
Accuracy of svt exploiting structure: 6.097854e-01
Accuracy of svds: 6.097854e-01
Accuracy of svt exploiting structure: 6.097854e-01
Accuracy of svds: 6.097854e-01
The mean of run time of svt is 4.706180e-02
The mean of run time of objective function is 5.669986e+00
The se of run time of svt is 1.480012e-04
The se of run time of objective function is 1.657733e-02

>> >> >> >> The size of the matrix is 10000 by 10000
The sparsity of the matrix is 9.995030e-01
Compared with svds for structured matrex:
Accuracy of svt exploiting structure: 9.623407e-01
Accuracy of svds: 9.623407e-01
Accuracy of svt exploiting structure: 9.623407e-01
Accuracy of svds: 9.623407e-01
Accuracy of svt exploiting structure: 9.623407e-01
Accuracy of svds: 9.623407e-01
Accuracy of svt exploiting structure: 9.623407e-01
Accuracy of svds: 9.623407e-01
Accuracy of svt exploiting structure: 9.623407e-01
Accuracy of svds: 9.623407e-01
Accuracy of svt exploiting structure: 9.623407e-01
Accuracy of svds: 9.623407e-01
Accuracy of svt exploiting structure: 9.623407e-01
Accuracy of svds: 9.623407e-01
Accuracy of svt exploiting structure: 9.623407e-01
Accuracy of svds: 9.623407e-01
Accuracy of svt exploiting structure: 9.623407e-01
Accuracy of svds: 9.623407e-01
Accuracy of svt exploiting structure: 9.623407e-01
Accuracy of svds: 9.623407e-01
Accuracy of svt exploiting structure: 9.623407e-01
Accuracy of svds: 9.623407e-01
The mean of run time of svt is 1.908796e-01
The mean of run time of objective function is 4.422135e+01
The se of run time of svt is 2.150868e-03
The se of run time of objective function is 4.373151e-01

>> >> >> >> >> >> >> >> >> >> >> >> >> >> >> >> >> >> >> >> 