
                            < M A T L A B (R) >
                  Copyright 1984-2013 The MathWorks, Inc.
                    R2013a (8.1.0.604) 64-bit (glnxa64)
                             February 15, 2013

 
To get started, type one of these: helpwin, helpdesk, or demo.
For product information, visit www.mathworks.com.
 
>> >> >> >> >> >> >> >> >> >> >> >> >> >> >> >> >> >> >> >> >> The size of the matrix is 398 by 398
The sparsity of the matrix is 9.816293e-01
Compared with succession:
lambda is: 1.849154e-05
Accuracy of svt: 6.504550e-01
Accuracy of succession svt: 6.457074e-01
Accuracy of svt: 6.457074e-01
Accuracy of succession svt: 6.504550e-01
Accuracy of svt: 6.457074e-01
Accuracy of succession svt: 6.457074e-01
Accuracy of svt: 6.504550e-01
Accuracy of succession svt: 6.457074e-01
Accuracy of svt: 6.504550e-01
Accuracy of succession svt: 6.504550e-01
Accuracy of svt: 6.504550e-01
Accuracy of succession svt: 6.504550e-01
Accuracy of svt: 6.504550e-01
Accuracy of succession svt: 6.457074e-01
Accuracy of svt: 6.457074e-01
Accuracy of succession svt: 6.504550e-01
Accuracy of svt: 6.504550e-01
Accuracy of succession svt: 6.504550e-01
Accuracy of svt: 6.504550e-01
Accuracy of succession svt: 6.504550e-01
Accuracy of svt: 6.457074e-01
Accuracy of succession svt: 6.504550e-01
The mean of run time of svt is 3.626054e-01
The mean of run time of objective function is 4.054666e-01
The se of run time of svt is 1.204011e-03
The se of run time of objective function is 2.587315e-03

>> >> >> >> The size of the matrix is 800 by 800
The sparsity of the matrix is 9.927500e-01
Compared with succession:
lambda is: 2.758302e+01
Accuracy of svt: 8.652613e-01
Accuracy of succession svt: 8.652613e-01
Accuracy of svt: 8.627577e-01
Accuracy of succession svt: 8.652613e-01
Accuracy of svt: 8.652613e-01
Accuracy of succession svt: 8.652613e-01
Accuracy of svt: 8.652613e-01
Accuracy of succession svt: 8.627577e-01
Accuracy of svt: 8.652613e-01
Accuracy of succession svt: 8.652613e-01
Accuracy of svt: 8.652613e-01
Accuracy of succession svt: 8.627577e-01
Accuracy of svt: 8.652613e-01
Accuracy of succession svt: 8.652613e-01
Accuracy of svt: 8.652613e-01
Accuracy of succession svt: 8.652613e-01
Accuracy of svt: 8.652613e-01
Accuracy of succession svt: 8.652613e-01
Accuracy of svt: 8.652613e-01
Accuracy of succession svt: 8.652613e-01
Accuracy of svt: 8.652613e-01
Accuracy of succession svt: 8.652613e-01
The mean of run time of svt is 7.635990e-01
The mean of run time of objective function is 8.669529e-01
The se of run time of svt is 4.831106e-03
The se of run time of objective function is 1.892284e-03

>> >> >> >> The size of the matrix is 1090 by 1090
The sparsity of the matrix is 9.970154e-01
Compared with succession:
lambda is: 1.115136e+06
Accuracy of svt: 5.419871e-01
Accuracy of succession svt: 5.343425e-01
Accuracy of svt: 5.419871e-01
Accuracy of succession svt: 5.343425e-01
Accuracy of svt: 5.419871e-01
Accuracy of succession svt: 5.343425e-01
Accuracy of svt: 5.343425e-01
Accuracy of succession svt: 5.419871e-01
Accuracy of svt: 5.343425e-01
Accuracy of succession svt: 5.419871e-01
Accuracy of svt: 5.419871e-01
Accuracy of succession svt: 5.343425e-01
Accuracy of svt: 5.419871e-01
Accuracy of succession svt: 5.419871e-01
Accuracy of svt: 5.343425e-01
Accuracy of succession svt: 5.419871e-01
Accuracy of svt: 5.419871e-01
Accuracy of succession svt: 5.419871e-01
Accuracy of svt: 5.343425e-01
Accuracy of succession svt: 5.343425e-01
Accuracy of svt: 5.419871e-01
Accuracy of succession svt: 5.419871e-01
The mean of run time of svt is 4.249784e-01
The mean of run time of objective function is 5.167102e-01
The se of run time of svt is 1.561337e-03
The se of run time of objective function is 1.253387e-03

>> >> >> >> The size of the matrix is 4800 by 4800
The sparsity of the matrix is 9.988056e-01
Compared with succession:
lambda is: 9.302018e-02
Accuracy of svt: 1.153267e-01
Accuracy of succession svt: 1.139237e-01
Accuracy of svt: 1.139237e-01
Accuracy of succession svt: 1.139237e-01
Accuracy of svt: 1.139237e-01
Accuracy of succession svt: 1.139237e-01
Accuracy of svt: 1.139237e-01
Accuracy of succession svt: 1.153267e-01
Accuracy of svt: 1.139237e-01
Accuracy of succession svt: 1.139237e-01
Accuracy of svt: 1.139237e-01
Accuracy of succession svt: 1.139237e-01
Accuracy of svt: 1.153267e-01
Accuracy of succession svt: 1.139237e-01
Accuracy of svt: 1.139237e-01
Accuracy of succession svt: 1.139237e-01
Accuracy of svt: 1.139237e-01
Accuracy of succession svt: 1.153267e-01
Accuracy of svt: 1.139237e-01
Accuracy of succession svt: 1.139237e-01
Accuracy of svt: 1.139237e-01
Accuracy of succession svt: 1.139237e-01
The mean of run time of svt is 1.376127e+00
The mean of run time of objective function is 2.338242e+00
The se of run time of svt is 1.096704e-02
The se of run time of objective function is 2.274681e-02

>> >> >> >> The size of the matrix is 10000 by 10000
The sparsity of the matrix is 9.995030e-01
Compared with succession:
lambda is: 2.199523e+04
Accuracy of svt: 8.154889e-01
Accuracy of succession svt: 8.129446e-01
Accuracy of svt: 8.154889e-01
Accuracy of succession svt: 8.129446e-01
Accuracy of svt: 8.129446e-01
Accuracy of succession svt: 8.154889e-01
Accuracy of svt: 8.129446e-01
Accuracy of succession svt: 8.154889e-01
Accuracy of svt: 8.129446e-01
Accuracy of succession svt: 8.129446e-01
Accuracy of svt: 8.129446e-01
Accuracy of succession svt: 8.154889e-01
Accuracy of svt: 8.154889e-01
Accuracy of succession svt: 8.154889e-01
Accuracy of svt: 8.129446e-01
Accuracy of succession svt: 8.154889e-01
Accuracy of svt: 8.154889e-01
Accuracy of succession svt: 8.154889e-01
Accuracy of svt: 8.129446e-01
Accuracy of succession svt: 8.154889e-01
Accuracy of svt: 8.154889e-01
Accuracy of succession svt: 8.154889e-01
The mean of run time of svt is 3.178185e+00
The mean of run time of objective function is 5.878853e+00
The se of run time of svt is 1.734570e-02
The se of run time of objective function is 6.484684e-02

>> >> >> >> >> >> >> >> >> >> >> >> >> >> >> >> >> >> >> >> 