
                            < M A T L A B (R) >
                  Copyright 1984-2013 The MathWorks, Inc.
                    R2013a (8.1.0.604) 64-bit (glnxa64)
                             February 15, 2013

 
To get started, type one of these: helpwin, helpdesk, or demo.
For product information, visit www.mathworks.com.
 
>> >> >> >> >> >> >> >> >> >> >> >> >> >> >> >> 
ans =

        1000

  110.7806

structure_svt
**********Replication 1**********
Grid point 3, rank=25
Grid point 4, rank=36
Grid point 5, rank=45
Grid point 6, rank=54
**********Replication 2**********
Grid point 3, rank=25
Grid point 4, rank=36
Grid point 5, rank=45
Grid point 6, rank=54
**********Replication 3**********
Grid point 3, rank=25
Grid point 4, rank=36
Grid point 5, rank=45
Grid point 6, rank=54
**********Replication 4**********
Grid point 3, rank=25
Grid point 4, rank=36
Grid point 5, rank=45
Grid point 6, rank=54
**********Replication 5**********
Grid point 3, rank=25
Grid point 4, rank=36
Grid point 5, rank=45
Grid point 6, rank=54
**********Replication 6**********
Grid point 3, rank=25
Grid point 4, rank=36
Grid point 5, rank=45
Grid point 6, rank=54
**********Replication 7**********
Grid point 3, rank=25
Grid point 4, rank=36
Grid point 5, rank=45
Grid point 6, rank=54
**********Replication 8**********
Grid point 3, rank=25
Grid point 4, rank=36
Grid point 5, rank=45
Grid point 6, rank=54
**********Replication 9**********
Grid point 3, rank=25
Grid point 4, rank=36
Grid point 5, rank=45
Grid point 6, rank=54
**********Replication 10**********
Grid point 3, rank=25
Grid point 4, rank=36
Grid point 5, rank=45
Grid point 6, rank=54
svt
**********Replication 1**********
Grid point 3, rank=25
Grid point 4, rank=36
Grid point 5, rank=45
Grid point 6, rank=54
**********Replication 2**********
Grid point 3, rank=25
Grid point 4, rank=36
Grid point 5, rank=45
Grid point 6, rank=54
**********Replication 3**********
Grid point 3, rank=25
Grid point 4, rank=36
Grid point 5, rank=45
Grid point 6, rank=54
**********Replication 4**********
Grid point 3, rank=25
Grid point 4, rank=36
Grid point 5, rank=45
Grid point 6, rank=54
**********Replication 5**********
Grid point 3, rank=25
Grid point 4, rank=36
Grid point 5, rank=45
Grid point 6, rank=54
**********Replication 6**********
Grid point 3, rank=25
Grid point 4, rank=36
Grid point 5, rank=45
Grid point 6, rank=54
**********Replication 7**********
Grid point 3, rank=25
Grid point 4, rank=36
Grid point 5, rank=45
Grid point 6, rank=54
**********Replication 8**********
Grid point 3, rank=25
Grid point 4, rank=36
Grid point 5, rank=45
Grid point 6, rank=54
**********Replication 9**********
Grid point 3, rank=25
Grid point 4, rank=36
Grid point 5, rank=45
Grid point 6, rank=54
**********Replication 10**********
Grid point 3, rank=25
Grid point 4, rank=36
Grid point 5, rank=45
Grid point 6, rank=54
full_svt
**********Replication 1**********
Grid point 3, rank=25
Grid point 4, rank=36
Grid point 5, rank=45
Grid point 6, rank=54
**********Replication 2**********
Grid point 3, rank=25
Grid point 4, rank=36
Grid point 5, rank=45
Grid point 6, rank=54
**********Replication 3**********
Grid point 3, rank=25
Grid point 4, rank=36
Grid point 5, rank=45
Grid point 6, rank=54
**********Replication 4**********
Grid point 3, rank=25
Grid point 4, rank=36
Grid point 5, rank=45
Grid point 6, rank=54
**********Replication 5**********
Grid point 3, rank=25
Grid point 4, rank=36
Grid point 5, rank=45
Grid point 6, rank=54
**********Replication 6**********
Grid point 3, rank=25
Grid point 4, rank=36
Grid point 5, rank=45
Grid point 6, rank=54
**********Replication 7**********
Grid point 3, rank=25
Grid point 4, rank=36
Grid point 5, rank=45
Grid point 6, rank=54
**********Replication 8**********
Grid point 3, rank=25
Grid point 4, rank=36
Grid point 5, rank=45
Grid point 6, rank=54
**********Replication 9**********
Grid point 3, rank=25
Grid point 4, rank=36
Grid point 5, rank=45
Grid point 6, rank=54
**********Replication 10**********
Grid point 3, rank=25
Grid point 4, rank=36
Grid point 5, rank=45
Grid point 6, rank=54
**********Summary**********
The mean of run time of stru_svt is 4.915128e+01
The mean of run time of non_stru_svt is 6.239524e+01
The mean of run time of full svt is 4.872731e+01
The se of run time of stru_svt is 4.893059e-02
The se of run time of non_stru_svt is 4.012065e-02
The se of run time of full svt is 3.004131e-02

>> >> >> >> >> 
ans =

        1500

  140.2329

structure_svt
**********Replication 1**********
Grid point 3, rank=30
Grid point 4, rank=43
Grid point 5, rank=57
**********Replication 2**********
Grid point 3, rank=30
Grid point 4, rank=43
Grid point 5, rank=57
**********Replication 3**********
Grid point 3, rank=30
Grid point 4, rank=43
Grid point 5, rank=57
**********Replication 4**********
Grid point 3, rank=30
Grid point 4, rank=43
Grid point 5, rank=57
**********Replication 5**********
Grid point 3, rank=30
Grid point 4, rank=43
Grid point 5, rank=57
**********Replication 6**********
Grid point 3, rank=30
Grid point 4, rank=43
Grid point 5, rank=57
**********Replication 7**********
Grid point 3, rank=30
Grid point 4, rank=43
Grid point 5, rank=57
**********Replication 8**********
Grid point 3, rank=30
Grid point 4, rank=43
Grid point 5, rank=57
**********Replication 9**********
Grid point 3, rank=30
Grid point 4, rank=43
Grid point 5, rank=57
**********Replication 10**********
Grid point 3, rank=30
Grid point 4, rank=43
Grid point 5, rank=57
svt
**********Replication 1**********
Grid point 3, rank=30
Grid point 4, rank=43
Grid point 5, rank=57
**********Replication 2**********
Grid point 3, rank=30
Grid point 4, rank=43
Grid point 5, rank=57
**********Replication 3**********
Grid point 3, rank=30
Grid point 4, rank=43
Grid point 5, rank=57
**********Replication 4**********
Grid point 3, rank=30
Grid point 4, rank=43
Grid point 5, rank=57
**********Replication 5**********
Grid point 3, rank=30
Grid point 4, rank=43
Grid point 5, rank=57
**********Replication 6**********
Grid point 3, rank=30
Grid point 4, rank=43
Grid point 5, rank=57
**********Replication 7**********
Grid point 3, rank=30
Grid point 4, rank=43
Grid point 5, rank=57
**********Replication 8**********
Grid point 3, rank=30
Grid point 4, rank=43
Grid point 5, rank=57
**********Replication 9**********
Grid point 3, rank=30
Grid point 4, rank=43
Grid point 5, rank=57
**********Replication 10**********
Grid point 3, rank=30
Grid point 4, rank=43
Grid point 5, rank=57
full_svt
**********Replication 1**********
Grid point 3, rank=30
Grid point 4, rank=43
Grid point 5, rank=57
**********Replication 2**********
Grid point 3, rank=30
Grid point 4, rank=43
Grid point 5, rank=57
**********Replication 3**********
Grid point 3, rank=30
Grid point 4, rank=43
Grid point 5, rank=57
**********Replication 4**********
Grid point 3, rank=30
Grid point 4, rank=43
Grid point 5, rank=57
**********Replication 5**********
Grid point 3, rank=30
Grid point 4, rank=43
Grid point 5, rank=57
**********Replication 6**********
Grid point 3, rank=30
Grid point 4, rank=43
Grid point 5, rank=57
**********Replication 7**********
Grid point 3, rank=30
Grid point 4, rank=43
Grid point 5, rank=57
**********Replication 8**********
Grid point 3, rank=30
Grid point 4, rank=43
Grid point 5, rank=57
**********Replication 9**********
Grid point 3, rank=30
Grid point 4, rank=43
Grid point 5, rank=57
**********Replication 10**********
Grid point 3, rank=30
Grid point 4, rank=43
Grid point 5, rank=57
**********Summary**********
The mean of run time of stru_svt is 7.794689e+01
The mean of run time of non_stru_svt is 1.527240e+02
The mean of run time of full svt is 1.426438e+02
The se of run time of stru_svt is 1.093733e-01
The se of run time of non_stru_svt is 1.527117e-01
The se of run time of full svt is 7.941711e-02

>> >> >> >> >> 
ans =

        2000

  169.3348

structure_svt
**********Replication 1**********
Grid point 3, rank=33
Grid point 4, rank=45
Grid point 5, rank=54
**********Replication 2**********
Grid point 3, rank=33
Grid point 4, rank=45
Grid point 5, rank=54
**********Replication 3**********
Grid point 3, rank=33
Grid point 4, rank=45
Grid point 5, rank=54
**********Replication 4**********
Grid point 3, rank=33
Grid point 4, rank=45
Grid point 5, rank=54
**********Replication 5**********
Grid point 3, rank=33
Grid point 4, rank=45
Grid point 5, rank=54
**********Replication 6**********
Grid point 3, rank=33
Grid point 4, rank=45
Grid point 5, rank=54
**********Replication 7**********
Grid point 3, rank=33
Grid point 4, rank=45
Grid point 5, rank=54
**********Replication 8**********
Grid point 3, rank=33
Grid point 4, rank=45
Grid point 5, rank=54
**********Replication 9**********
Grid point 3, rank=33
Grid point 4, rank=45
Grid point 5, rank=54
**********Replication 10**********
Grid point 3, rank=33
Grid point 4, rank=45
Grid point 5, rank=54
svt
**********Replication 1**********
Grid point 3, rank=33
Grid point 4, rank=45
Grid point 5, rank=54
**********Replication 2**********
Grid point 3, rank=33
Grid point 4, rank=45
Grid point 5, rank=54
**********Replication 3**********
Grid point 3, rank=33
Grid point 4, rank=45
Grid point 5, rank=54
**********Replication 4**********
Grid point 3, rank=33
Grid point 4, rank=45
Grid point 5, rank=54
**********Replication 5**********
Grid point 3, rank=33
Grid point 4, rank=45
Grid point 5, rank=54
**********Replication 6**********
Grid point 3, rank=33
Grid point 4, rank=45
Grid point 5, rank=54
**********Replication 7**********
Grid point 3, rank=33
Grid point 4, rank=45
Grid point 5, rank=54
**********Replication 8**********
Grid point 3, rank=33
Grid point 4, rank=45
Grid point 5, rank=54
**********Replication 9**********
Grid point 3, rank=33
Grid point 4, rank=45
Grid point 5, rank=54
**********Replication 10**********
Grid point 3, rank=33
Grid point 4, rank=45
Grid point 5, rank=54
full_svt
**********Replication 1**********
Grid point 3, rank=33
Grid point 4, rank=45
Grid point 5, rank=54
**********Replication 2**********
Grid point 3, rank=33
Grid point 4, rank=45
Grid point 5, rank=54
**********Replication 3**********
Grid point 3, rank=33
Grid point 4, rank=45
Grid point 5, rank=54
**********Replication 4**********
Grid point 3, rank=33
Grid point 4, rank=45
Grid point 5, rank=54
**********Replication 5**********
Grid point 3, rank=33
Grid point 4, rank=45
Grid point 5, rank=54
**********Replication 6**********
Grid point 3, rank=33
Grid point 4, rank=45
Grid point 5, rank=54
**********Replication 7**********
Grid point 3, rank=33
Grid point 4, rank=45
Grid point 5, rank=54
**********Replication 8**********
Grid point 3, rank=33
Grid point 4, rank=45
Grid point 5, rank=54
**********Replication 9**********
Grid point 3, rank=33
Grid point 4, rank=45
Grid point 5, rank=54
**********Replication 10**********
Grid point 3, rank=33
Grid point 4, rank=45
Grid point 5, rank=54
**********Summary**********
The mean of run time of stru_svt is 1.297629e+02
The mean of run time of non_stru_svt is 2.720476e+02
The mean of run time of full svt is 3.732623e+02
The se of run time of stru_svt is 1.689155e-01
The se of run time of non_stru_svt is 4.855468e-01
The se of run time of full svt is 2.283090e-01

>> >> >> >> >> 
ans =

        2500

  196.2627

structure_svt
**********Replication 1**********
Grid point 3, rank=35
Grid point 4, rank=47
Grid point 5, rank=50
**********Replication 2**********
Grid point 3, rank=35
Grid point 4, rank=47
Grid point 5, rank=50
**********Replication 3**********
Grid point 3, rank=35
Grid point 4, rank=47
Grid point 5, rank=50
**********Replication 4**********
Grid point 3, rank=35
Grid point 4, rank=47
Grid point 5, rank=50
**********Replication 5**********
Grid point 3, rank=35
Grid point 4, rank=47
Grid point 5, rank=50
**********Replication 6**********
Grid point 3, rank=35
Grid point 4, rank=47
Grid point 5, rank=50
**********Replication 7**********
Grid point 3, rank=35
Grid point 4, rank=47
Grid point 5, rank=50
**********Replication 8**********
Grid point 3, rank=35
Grid point 4, rank=47
Grid point 5, rank=50
**********Replication 9**********
Grid point 3, rank=35
Grid point 4, rank=47
Grid point 5, rank=50
**********Replication 10**********
Grid point 3, rank=35
Grid point 4, rank=47
Grid point 5, rank=50
svt
**********Replication 1**********
Grid point 3, rank=35
Grid point 4, rank=47
Grid point 5, rank=50
**********Replication 2**********
Grid point 3, rank=35
Grid point 4, rank=47
Grid point 5, rank=50
**********Replication 3**********
Grid point 3, rank=35
Grid point 4, rank=47
Grid point 5, rank=50
**********Replication 4**********
Grid point 3, rank=35
Grid point 4, rank=47
Grid point 5, rank=50
**********Replication 5**********
Grid point 3, rank=35
Grid point 4, rank=47
Grid point 5, rank=50
**********Replication 6**********
Grid point 3, rank=35
Grid point 4, rank=47
Grid point 5, rank=50
**********Replication 7**********
Grid point 3, rank=35
Grid point 4, rank=47
Grid point 5, rank=50
**********Replication 8**********
Grid point 3, rank=35
Grid point 4, rank=47
Grid point 5, rank=50
**********Replication 9**********
Grid point 3, rank=35
Grid point 4, rank=47
Grid point 5, rank=50
**********Replication 10**********
Grid point 3, rank=35
Grid point 4, rank=47
Grid point 5, rank=50
full_svt
**********Replication 1**********
Grid point 3, rank=35
Grid point 4, rank=47
Grid point 5, rank=50
**********Replication 2**********
Grid point 3, rank=35
Grid point 4, rank=47
Grid point 5, rank=50
**********Replication 3**********
Grid point 3, rank=35
Grid point 4, rank=47
Grid point 5, rank=50
**********Replication 4**********
Grid point 3, rank=35
Grid point 4, rank=47
Grid point 5, rank=50
**********Replication 5**********
Grid point 3, rank=35
Grid point 4, rank=47
Grid point 5, rank=50
**********Replication 6**********
Grid point 3, rank=35
Grid point 4, rank=47
Grid point 5, rank=50
**********Replication 7**********
Grid point 3, rank=35
Grid point 4, rank=47
Grid point 5, rank=50
**********Replication 8**********
Grid point 3, rank=35
Grid point 4, rank=47
Grid point 5, rank=50
**********Replication 9**********
Grid point 3, rank=35
Grid point 4, rank=47
Grid point 5, rank=50
**********Replication 10**********
Grid point 3, rank=35
Grid point 4, rank=47
Grid point 5, rank=50
**********Summary**********
The mean of run time of stru_svt is 1.684508e+02
The mean of run time of non_stru_svt is 3.667393e+02
The mean of run time of full svt is 7.697931e+02
The se of run time of stru_svt is 1.591722e-01
The se of run time of non_stru_svt is 3.766023e-01
The se of run time of full svt is 1.508031e-01

>> >> >> >> >> 
ans =

        3500

  252.3001

structure_svt
**********Replication 1**********
Grid point 3, rank=40
Grid point 4, rank=50
**********Replication 2**********
Grid point 3, rank=40
Grid point 4, rank=50
**********Replication 3**********
Grid point 3, rank=40
Grid point 4, rank=50
**********Replication 4**********
Grid point 3, rank=40
Grid point 4, rank=50
**********Replication 5**********
Grid point 3, rank=40
Grid point 4, rank=50
**********Replication 6**********
Grid point 3, rank=40
Grid point 4, rank=50
**********Replication 7**********
Grid point 3, rank=40
Grid point 4, rank=50
**********Replication 8**********
Grid point 3, rank=40
Grid point 4, rank=50
**********Replication 9**********
Grid point 3, rank=40
Grid point 4, rank=50
**********Replication 10**********
Grid point 3, rank=40
Grid point 4, rank=50
svt
**********Replication 1**********
Grid point 3, rank=40
Grid point 4, rank=50
**********Replication 2**********
Grid point 3, rank=40
Grid point 4, rank=50
**********Replication 3**********
Grid point 3, rank=40
Grid point 4, rank=50
**********Replication 4**********
Grid point 3, rank=40
Grid point 4, rank=50
**********Replication 5**********
Grid point 3, rank=40
Grid point 4, rank=50
**********Replication 6**********
Grid point 3, rank=40
Grid point 4, rank=50
**********Replication 7**********
Grid point 3, rank=40
Grid point 4, rank=50
**********Replication 8**********
Grid point 3, rank=40
Grid point 4, rank=50
**********Replication 9**********
Grid point 3, rank=40
Grid point 4, rank=50
**********Replication 10**********
Grid point 3, rank=40
Grid point 4, rank=50
full_svt
**********Replication 1**********
Grid point 3, rank=40
Grid point 4, rank=50
**********Replication 2**********
Grid point 3, rank=40
Grid point 4, rank=50
**********Replication 3**********
Grid point 3, rank=40
Grid point 4, rank=50
**********Replication 4**********
Grid point 3, rank=40
Grid point 4, rank=50
**********Replication 5**********
Grid point 3, rank=40
Grid point 4, rank=50
**********Replication 6**********
Grid point 3, rank=40
Grid point 4, rank=50
**********Replication 7**********
Grid point 3, rank=40
Grid point 4, rank=50
**********Replication 8**********
Grid point 3, rank=40
Grid point 4, rank=50
**********Replication 9**********
Grid point 3, rank=40
Grid point 4, rank=50
**********Replication 10**********
Grid point 3, rank=40
Grid point 4, rank=50
**********Summary**********
The mean of run time of stru_svt is 2.242448e+02
The mean of run time of non_stru_svt is 4.719651e+02
The mean of run time of full svt is 1.709647e+03
The se of run time of stru_svt is 1.902778e-01
The se of run time of non_stru_svt is 5.310126e-01
The se of run time of full svt is 3.028952e-01

>> >> >> >> >> >> >> >> >> >> >> >> >> >> >> >> >> >> >> >> >> >> >> >> 